  main.cpp
C:\Users\ivanm\123\cpp\sem2\KovalenkoIS\hw4\Project1\main.cpp(112,51): warning C4244: аргумент: преобразование "T" в "float", возможна потеря данных
          with
          [
              T=unsigned int
          ]
C:\Users\ivanm\123\cpp\sem2\KovalenkoIS\hw4\Project1\main.cpp(116,52): warning C4244: аргумент: преобразование "T" в "float", возможна потеря данных
          with
          [
              T=unsigned int
          ]
C:\Users\ivanm\123\cpp\sem2\KovalenkoIS\hw4\Project1\main.cpp(120,53): warning C4244: аргумент: преобразование "T" в "float", возможна потеря данных
          with
          [
              T=unsigned int
          ]
C:\Users\ivanm\123\cpp\sem2\KovalenkoIS\hw4\Project1\main.cpp(124,50): warning C4244: аргумент: преобразование "T" в "float", возможна потеря данных
          with
          [
              T=unsigned int
          ]
C:\Users\ivanm\123\cpp\sem2\KovalenkoIS\hw4\Project1\main.cpp(128,50): warning C4244: аргумент: преобразование "T" в "float", возможна потеря данных
          with
          [
              T=unsigned int
          ]
C:\Users\ivanm\123\cpp\sem2\KovalenkoIS\hw4\Project1\main.cpp(132,51): warning C4244: аргумент: преобразование "T" в "float", возможна потеря данных
          with
          [
              T=unsigned int
          ]
C:\Users\ivanm\123\cpp\sem2\KovalenkoIS\hw4\Project1\main.cpp(152,86): warning C4244: аргумент: преобразование "T" в "T", возможна потеря данных
          with
          [
              T=int
          ]
          and
          [
              T=float
          ]
C:\Users\ivanm\123\cpp\sem2\KovalenkoIS\hw4\Project1\main.cpp(152,74): warning C4244: аргумент: преобразование "T" в "T", возможна потеря данных
          with
          [
              T=int
          ]
          and
          [
              T=float
          ]
C:\Users\ivanm\123\cpp\sem2\KovalenkoIS\hw4\Project1\main.cpp(158,91): warning C4244: аргумент: преобразование "T" в "T", возможна потеря данных
          with
          [
              T=int
          ]
          and
          [
              T=float
          ]
C:\Users\ivanm\123\cpp\sem2\KovalenkoIS\hw4\Project1\main.cpp(158,79): warning C4244: аргумент: преобразование "T" в "T", возможна потеря данных
          with
          [
              T=int
          ]
          and
          [
              T=float
          ]
C:\Users\ivanm\123\cpp\sem2\KovalenkoIS\hw4\Project1\main.cpp(164,98): warning C4244: аргумент: преобразование "T" в "T", возможна потеря данных
          with
          [
              T=int
          ]
          and
          [
              T=float
          ]
C:\Users\ivanm\123\cpp\sem2\KovalenkoIS\hw4\Project1\main.cpp(164,86): warning C4244: аргумент: преобразование "T" в "T", возможна потеря данных
          with
          [
              T=int
          ]
          and
          [
              T=float
          ]
C:\Users\ivanm\123\cpp\sem2\KovalenkoIS\hw4\Project1\main.cpp(173,88): warning C4244: аргумент: преобразование "T" в "T", возможна потеря данных
          with
          [
              T=int
          ]
          and
          [
              T=float
          ]
C:\Users\ivanm\123\cpp\sem2\KovalenkoIS\hw4\Project1\main.cpp(173,76): warning C4244: аргумент: преобразование "T" в "T", возможна потеря данных
          with
          [
              T=int
          ]
          and
          [
              T=float
          ]
C:\Users\ivanm\123\cpp\sem2\KovalenkoIS\hw4\Project1\main.cpp(177,91): warning C4244: аргумент: преобразование "T" в "T", возможна потеря данных
          with
          [
              T=int
          ]
          and
          [
              T=float
          ]
C:\Users\ivanm\123\cpp\sem2\KovalenkoIS\hw4\Project1\main.cpp(177,79): warning C4244: аргумент: преобразование "T" в "T", возможна потеря данных
          with
          [
              T=int
          ]
          and
          [
              T=float
          ]
C:\Users\ivanm\123\cpp\sem2\KovalenkoIS\hw4\Project1\main.cpp(181,96): warning C4244: аргумент: преобразование "T" в "T", возможна потеря данных
          with
          [
              T=int
          ]
          and
          [
              T=float
          ]
C:\Users\ivanm\123\cpp\sem2\KovalenkoIS\hw4\Project1\main.cpp(181,84): warning C4244: аргумент: преобразование "T" в "T", возможна потеря данных
          with
          [
              T=int
          ]
          and
          [
              T=float
          ]
C:\Users\ivanm\123\cpp\sem2\KovalenkoIS\hw4\Project1\main.cpp(185,97): warning C4244: аргумент: преобразование "T" в "T", возможна потеря данных
          with
          [
              T=int
          ]
          and
          [
              T=float
          ]
C:\Users\ivanm\123\cpp\sem2\KovalenkoIS\hw4\Project1\main.cpp(185,85): warning C4244: аргумент: преобразование "T" в "T", возможна потеря данных
          with
          [
              T=int
          ]
          and
          [
              T=float
          ]
C:\Users\ivanm\123\cpp\sem2\KovalenkoIS\hw4\Project1\main.cpp(24,15): warning C4101: event: неиспользованная локальная переменная
  Project1.vcxproj -> C:\Users\ivanm\123\cpp\sem2\KovalenkoIS\hw4\x64\Debug\Project1.exe
